config     DEBUG include /home/christoph/Code/test_AGX_from_source/agx.dev/devsrc/agx.core/src/agx/core/configure.zcml
config     DEBUG include /home/christoph/Code/test_AGX_from_source/agx.dev/local/lib/python2.7/site-packages/zope/component/meta.zcml
config     DEBUG include /home/christoph/Code/test_AGX_from_source/agx.dev/devsrc/agx.core/src/agx/core/meta.zcml
main       INFO  AGX 3.0-dev - (c) BlueDynamics Alliance, http://bluedynamics.com, GPL 2
main       INFO  Generator started at 14:22:09 2013-04-09.
main       INFO  generating model: /home/christoph/Code/test_AGX_from_source/agx.dev/p4/model.uml
main       INFO  using profiles: ['/home/christoph/Code/test_AGX_from_source/agx.dev/devsrc/agx.generator.pyegg/src/agx/generator/pyegg/profiles/pyegg.profile.uml', '/home/christoph/Code/test_AGX_from_source/agx.dev/devsrc/agx.generator.pyramid/src/agx/generator/pyramid/profiles/pyramid.profile.uml']
main       INFO  generating into: /home/christoph/Code/test_AGX_from_source/agx.dev/p4
config     DEBUG include /home/christoph/Code/test_AGX_from_source/agx.dev/devsrc/agx.generator.generator/src/agx/generator/generator/configure.zcml
config     DEBUG include /home/christoph/Code/test_AGX_from_source/agx.dev/devsrc/agx.generator.pyegg/src/agx/generator/pyegg/configure.zcml
config     DEBUG include /home/christoph/Code/test_AGX_from_source/agx.dev/devsrc/agx.transform.uml2fs/src/agx/transform/uml2fs/configure.zcml
config     DEBUG include /home/christoph/Code/test_AGX_from_source/agx.dev/devsrc/agx.generator.cornice/src/agx/generator/cornice/configure.zcml
config     DEBUG include /home/christoph/Code/test_AGX_from_source/agx.dev/devsrc/agx.generator.sql/src/agx/generator/sql/configure.zcml
config     DEBUG include /home/christoph/Code/test_AGX_from_source/agx.dev/devsrc/agx.generator.dexterity/src/agx/generator/dexterity/configure.zcml
config     DEBUG include /home/christoph/Code/test_AGX_from_source/agx.dev/devsrc/agx.generator.plone/src/agx/generator/plone/configure.zcml
config     DEBUG include /home/christoph/Code/test_AGX_from_source/agx.dev/devsrc/agx.generator.zca/src/agx/generator/zca/configure.zcml
config     DEBUG include /home/christoph/Code/test_AGX_from_source/agx.dev/devsrc/agx.generator.buildout/src/agx/generator/buildout/configure.zcml
config     DEBUG include /home/christoph/Code/test_AGX_from_source/agx.dev/devsrc/agx.generator.uml/src/agx/generator/uml/configure.zcml
config     DEBUG include /home/christoph/Code/test_AGX_from_source/agx.dev/devsrc/agx.transform.xmi2uml/src/agx/transform/xmi2uml/configure.zcml
config     DEBUG include /home/christoph/Code/test_AGX_from_source/agx.dev/devsrc/node.ext.xmi/src/node/ext/xmi/configure.zcml
config     DEBUG include /home/christoph/Code/test_AGX_from_source/agx.dev/devsrc/node.ext.xml/src/node/ext/xml/configure.zcml
config     DEBUG include /home/christoph/Code/test_AGX_from_source/agx.dev/devsrc/agx.generator.pyramid/src/agx/generator/pyramid/configure.zcml
main       INFO  Generator run took 5.59 sec.
